[debug] [2025-11-14T16:26:51.128Z] ----------------------------------------------------------------------
[debug] [2025-11-14T16:26:51.131Z] Command:       C:\Program Files\nodejs\node.exe C:\Users\17447\AppData\Roaming\npm\node_modules\firebase-tools\lib\bin\firebase.js serve
[debug] [2025-11-14T16:26:51.131Z] CLI Version:   14.23.0
[debug] [2025-11-14T16:26:51.131Z] Platform:      win32
[debug] [2025-11-14T16:26:51.131Z] Node Version:  v22.14.0
[debug] [2025-11-14T16:26:51.131Z] Time:          Fri Nov 14 2025 13:26:51 GMT-0300 (Horário Padrão de Brasília)
[debug] [2025-11-14T16:26:51.132Z] ----------------------------------------------------------------------
[debug] 
[debug] [2025-11-14T16:26:51.364Z] > command requires scopes: ["email","openid","https://www.googleapis.com/auth/cloudplatformprojects.readonly","https://www.googleapis.com/auth/firebase","https://www.googleapis.com/auth/cloud-platform"]
[debug] [2025-11-14T16:26:51.364Z] > authorizing via signed-in user (fernandesribe04@gmail.com)
[debug] [2025-11-14T16:26:51.364Z] [iam] checking project do-sistema-de-reserva-sala for permissions ["firebase.projects.get"]
[debug] [2025-11-14T16:26:51.365Z] Checked if tokens are valid: true, expires at: 1763139793582
[debug] [2025-11-14T16:26:51.365Z] Checked if tokens are valid: true, expires at: 1763139793582
[debug] [2025-11-14T16:26:51.366Z] >>> [apiv2][query] POST https://cloudresourcemanager.googleapis.com/v1/projects/do-sistema-de-reserva-sala:testIamPermissions [none]
[debug] [2025-11-14T16:26:51.366Z] >>> [apiv2][(partial)header] POST https://cloudresourcemanager.googleapis.com/v1/projects/do-sistema-de-reserva-sala:testIamPermissions x-goog-quota-user=projects/do-sistema-de-reserva-sala
[debug] [2025-11-14T16:26:51.366Z] >>> [apiv2][body] POST https://cloudresourcemanager.googleapis.com/v1/projects/do-sistema-de-reserva-sala:testIamPermissions {"permissions":["firebase.projects.get"]}
[debug] [2025-11-14T16:26:52.207Z] <<< [apiv2][status] POST https://cloudresourcemanager.googleapis.com/v1/projects/do-sistema-de-reserva-sala:testIamPermissions 200
[debug] [2025-11-14T16:26:52.207Z] <<< [apiv2][body] POST https://cloudresourcemanager.googleapis.com/v1/projects/do-sistema-de-reserva-sala:testIamPermissions {"permissions":["firebase.projects.get"]}
[debug] [2025-11-14T16:26:52.208Z] Checked if tokens are valid: true, expires at: 1763139793582
[debug] [2025-11-14T16:26:52.208Z] Checked if tokens are valid: true, expires at: 1763139793582
[debug] [2025-11-14T16:26:52.208Z] >>> [apiv2][query] GET https://cloudresourcemanager.googleapis.com/v1/projects/do-sistema-de-reserva-sala [none]
[debug] [2025-11-14T16:26:52.415Z] <<< [apiv2][status] GET https://cloudresourcemanager.googleapis.com/v1/projects/do-sistema-de-reserva-sala 200
[debug] [2025-11-14T16:26:52.415Z] <<< [apiv2][body] GET https://cloudresourcemanager.googleapis.com/v1/projects/do-sistema-de-reserva-sala {"projectNumber":"562006496984","projectId":"do-sistema-de-reserva-sala","lifecycleState":"ACTIVE","name":"do Sistema de Reserva Sala","labels":{"firebase":"enabled","firebase-core":"disabled"},"createTime":"2025-07-10T16:18:43.354407Z"}
[info] 
[info] === Serving from 'C:\Users\17447\sala-reservas\sistema-reserva-sala'...
[info] 
[debug] [2025-11-14T16:26:52.418Z] Checked if tokens are valid: true, expires at: 1763139793582
[debug] [2025-11-14T16:26:52.418Z] Checked if tokens are valid: true, expires at: 1763139793582
[debug] [2025-11-14T16:26:52.418Z] >>> [apiv2][query] GET https://firebasehosting.googleapis.com/v1beta1/projects/do-sistema-de-reserva-sala/sites 
[debug] [2025-11-14T16:26:53.752Z] <<< [apiv2][status] GET https://firebasehosting.googleapis.com/v1beta1/projects/do-sistema-de-reserva-sala/sites 200
[debug] [2025-11-14T16:26:53.753Z] <<< [apiv2][body] GET https://firebasehosting.googleapis.com/v1beta1/projects/do-sistema-de-reserva-sala/sites {"sites":[{"name":"projects/do-sistema-de-reserva-sala/sites/do-sistema-de-reserva-sala","defaultUrl":"https://do-sistema-de-reserva-sala.web.app","type":"DEFAULT_SITE"}]}
[debug] [2025-11-14T16:26:53.753Z] Checked if tokens are valid: true, expires at: 1763139793582
[debug] [2025-11-14T16:26:53.753Z] Checked if tokens are valid: true, expires at: 1763139793582
[debug] [2025-11-14T16:26:53.753Z] >>> [apiv2][query] GET https://firebase.googleapis.com/v1beta1/projects/do-sistema-de-reserva-sala/webApps/-/config [none]
[debug] [2025-11-14T16:26:54.850Z] <<< [apiv2][status] GET https://firebase.googleapis.com/v1beta1/projects/do-sistema-de-reserva-sala/webApps/-/config 200
[debug] [2025-11-14T16:26:54.850Z] <<< [apiv2][body] GET https://firebase.googleapis.com/v1beta1/projects/do-sistema-de-reserva-sala/webApps/-/config {"projectId":"do-sistema-de-reserva-sala","appId":"1:562006496984:web:2b39a74748ccdecb0029ad","storageBucket":"do-sistema-de-reserva-sala.firebasestorage.app","apiKey":"AIzaSyDMXL1Lp1XS6jAe6aPyYp1tUeqNUIvmNu0","authDomain":"do-sistema-de-reserva-sala.firebaseapp.com","messagingSenderId":"562006496984","measurementId":"G-G0MVV0RSSZ","projectNumber":"562006496984","version":"2"}
[debug] [2025-11-14T16:26:54.853Z] Checked if tokens are valid: true, expires at: 1763139793582
[debug] [2025-11-14T16:26:54.853Z] Checked if tokens are valid: true, expires at: 1763139793582
[debug] [2025-11-14T16:26:54.854Z] >>> [apiv2][query] GET https://firebase.googleapis.com/v1beta1/projects/do-sistema-de-reserva-sala [none]
[debug] [2025-11-14T16:26:55.207Z] <<< [apiv2][status] GET https://firebase.googleapis.com/v1beta1/projects/do-sistema-de-reserva-sala 200
[debug] [2025-11-14T16:26:55.207Z] <<< [apiv2][body] GET https://firebase.googleapis.com/v1beta1/projects/do-sistema-de-reserva-sala {"projectId":"do-sistema-de-reserva-sala","projectNumber":"562006496984","displayName":"do Sistema de Reserva Sala","name":"projects/do-sistema-de-reserva-sala","resources":{"hostingSite":"do-sistema-de-reserva-sala"},"state":"ACTIVE","etag":"1_59d8757e-5656-4825-9dbf-877977502b2d"}
[info] +  hosting[do-sistema-de-reserva-sala]: Local server: http://localhost:5002 {"metadata":{"emulator":{"name":"hosting"},"message":"Local server: \u001b[4m\u001b[1mhttp://localhost:5002\u001b[22m\u001b[24m"}}
